<?xml version="1.0" encoding="UTF-8"?>
<testsuite name="org.mockito.release.comparison.ZipCompareTest" tests="2" skipped="0" failures="0" errors="0" timestamp="2019-01-24T14:52:38" hostname="ubuntu-QOSMIO-X70-B" time="0.328">
  <properties/>
  <testcase name="compares zips" classname="org.mockito.release.comparison.ZipCompareTest" time="0.311"/>
  <testcase name="fails early when any of the zips cannot be opened" classname="org.mockito.release.comparison.ZipCompareTest" time="0.009"/>
  <system-out><![CDATA[06:52:38.735 [Test worker] INFO  o.m.release.comparison.ZipCompare - Comparing /tmp/junit1186151412310142254/junit2113257840037568475/zip-1.zip with /tmp/junit1186151412310142254/junit2113257840037568475/zip-2.zip
06:52:38.751 [Test worker] INFO  o.m.release.comparison.ZipCompare - 4 entries matched
06:52:38.763 [Test worker] INFO  o.m.release.comparison.ZipCompare - Comparing /tmp/junit1186151412310142254/junit2113257840037568475/zip-2.zip with /tmp/junit1186151412310142254/junit2113257840037568475/zip-1.zip
06:52:38.766 [Test worker] INFO  o.m.release.comparison.ZipCompare - 4 entries matched
06:52:38.781 [Test worker] INFO  o.m.release.comparison.ZipCompare - Comparing /tmp/junit1186151412310142254/junit2113257840037568475/zip-1.zip with /tmp/junit1186151412310142254/junit2113257840037568475/zip-3.zip
06:52:38.794 [Test worker] INFO  o.m.release.comparison.ZipCompare - x/y/4.txt does not match
06:52:38.795 [Test worker] INFO  o.m.release.comparison.ZipCompare - 3 entries matched
06:52:38.796 [Test worker] INFO  o.m.release.comparison.ZipCompare - 1 entries did not match
06:52:38.798 [Test worker] INFO  o.m.release.comparison.ZipCompare - Comparing /tmp/junit1186151412310142254/junit2113257840037568475/zip-1.zip with /tmp/junit1186151412310142254/junit2113257840037568475/zip-4.zip
06:52:38.804 [Test worker] INFO  o.m.release.comparison.ZipCompare - x/y/4.txt not found in /tmp/junit1186151412310142254/junit2113257840037568475/zip-4.zip
06:52:38.805 [Test worker] INFO  o.m.release.comparison.ZipCompare - 3 entries matched
06:52:38.808 [Test worker] INFO  o.m.release.comparison.ZipCompare - 1 entries did not match
06:52:38.810 [Test worker] INFO  o.m.release.comparison.ZipCompare - Comparing /tmp/junit1186151412310142254/junit2113257840037568475/zip-1.zip with /tmp/junit1186151412310142254/junit2113257840037568475/zip-5.zip
06:52:38.812 [Test worker] INFO  o.m.release.comparison.ZipCompare - x.txt not found in /tmp/junit1186151412310142254/junit2113257840037568475/zip-1.zip
06:52:38.813 [Test worker] INFO  o.m.release.comparison.ZipCompare - 4 entries matched
06:52:38.815 [Test worker] INFO  o.m.release.comparison.ZipCompare - 1 entries did not match
]]></system-out>
  <system-err><![CDATA[]]></system-err>
</testsuite>
