<?xml version="1.0" encoding="UTF-8"?>
<testsuite name="org.mockito.release.comparison.ZipCompareTest" tests="2" skipped="0" failures="0" errors="0" timestamp="2018-12-05T15:39:23" hostname="ubuntu-QOSMIO-X70-B" time="0.071">
  <properties/>
  <testcase name="compares zips" classname="org.mockito.release.comparison.ZipCompareTest" time="0.064"/>
  <testcase name="fails early when any of the zips cannot be opened" classname="org.mockito.release.comparison.ZipCompareTest" time="0.007"/>
  <system-out><![CDATA[07:39:24.034 [Test worker] INFO  o.m.release.comparison.ZipCompare - Comparing /tmp/junit5865388814719443497/junit3383251059646528234/zip-1.zip with /tmp/junit5865388814719443497/junit3383251059646528234/zip-2.zip
07:39:24.039 [Test worker] INFO  o.m.release.comparison.ZipCompare - 4 entries matched
07:39:24.040 [Test worker] INFO  o.m.release.comparison.ZipCompare - Comparing /tmp/junit5865388814719443497/junit3383251059646528234/zip-2.zip with /tmp/junit5865388814719443497/junit3383251059646528234/zip-1.zip
07:39:24.041 [Test worker] INFO  o.m.release.comparison.ZipCompare - 4 entries matched
07:39:24.041 [Test worker] INFO  o.m.release.comparison.ZipCompare - Comparing /tmp/junit5865388814719443497/junit3383251059646528234/zip-6.zip with /tmp/junit5865388814719443497/junit3383251059646528234/zip-7.zip
07:39:24.041 [Test worker] INFO  o.m.release.comparison.ZipCompare - 0 entries matched
07:39:24.042 [Test worker] INFO  o.m.release.comparison.ZipCompare - Comparing /tmp/junit5865388814719443497/junit3383251059646528234/zip-7.zip with /tmp/junit5865388814719443497/junit3383251059646528234/zip-6.zip
07:39:24.042 [Test worker] INFO  o.m.release.comparison.ZipCompare - 0 entries matched
07:39:24.043 [Test worker] INFO  o.m.release.comparison.ZipCompare - Comparing /tmp/junit5865388814719443497/junit3383251059646528234/zip-1.zip with /tmp/junit5865388814719443497/junit3383251059646528234/zip-3.zip
07:39:24.043 [Test worker] INFO  o.m.release.comparison.ZipCompare - x/y/4.txt does not match
07:39:24.043 [Test worker] INFO  o.m.release.comparison.ZipCompare - 3 entries matched
07:39:24.043 [Test worker] INFO  o.m.release.comparison.ZipCompare - 1 entries did not match
07:39:24.044 [Test worker] INFO  o.m.release.comparison.ZipCompare - Comparing /tmp/junit5865388814719443497/junit3383251059646528234/zip-1.zip with /tmp/junit5865388814719443497/junit3383251059646528234/zip-4.zip
07:39:24.044 [Test worker] INFO  o.m.release.comparison.ZipCompare - x/y/4.txt not found in /tmp/junit5865388814719443497/junit3383251059646528234/zip-4.zip
07:39:24.044 [Test worker] INFO  o.m.release.comparison.ZipCompare - 3 entries matched
07:39:24.045 [Test worker] INFO  o.m.release.comparison.ZipCompare - 1 entries did not match
07:39:24.045 [Test worker] INFO  o.m.release.comparison.ZipCompare - Comparing /tmp/junit5865388814719443497/junit3383251059646528234/zip-1.zip with /tmp/junit5865388814719443497/junit3383251059646528234/zip-5.zip
07:39:24.045 [Test worker] INFO  o.m.release.comparison.ZipCompare - x.txt not found in /tmp/junit5865388814719443497/junit3383251059646528234/zip-1.zip
07:39:24.045 [Test worker] INFO  o.m.release.comparison.ZipCompare - 4 entries matched
07:39:24.046 [Test worker] INFO  o.m.release.comparison.ZipCompare - 1 entries did not match
07:39:24.046 [Test worker] INFO  o.m.release.comparison.ZipCompare - Comparing /tmp/junit5865388814719443497/junit3383251059646528234/zip-1.zip with /tmp/junit5865388814719443497/junit3383251059646528234/zip-6.zip
07:39:24.046 [Test worker] INFO  o.m.release.comparison.ZipCompare - 1.txt not found in /tmp/junit5865388814719443497/junit3383251059646528234/zip-6.zip
07:39:24.046 [Test worker] INFO  o.m.release.comparison.ZipCompare - x/2.txt not found in /tmp/junit5865388814719443497/junit3383251059646528234/zip-6.zip
07:39:24.046 [Test worker] INFO  o.m.release.comparison.ZipCompare - x/y/3.txt not found in /tmp/junit5865388814719443497/junit3383251059646528234/zip-6.zip
07:39:24.046 [Test worker] INFO  o.m.release.comparison.ZipCompare - x/y/4.txt not found in /tmp/junit5865388814719443497/junit3383251059646528234/zip-6.zip
07:39:24.046 [Test worker] INFO  o.m.release.comparison.ZipCompare - 0 entries matched
07:39:24.046 [Test worker] INFO  o.m.release.comparison.ZipCompare - 4 entries did not match
]]></system-out>
  <system-err><![CDATA[]]></system-err>
</testsuite>
