<?xml version="1.0" encoding="UTF-8"?>
<testsuite name="org.mockito.release.notes.util.IOUtilTest" tests="2" skipped="0" failures="0" errors="0" timestamp="2018-12-05T15:39:23" hostname="ubuntu-QOSMIO-X70-B" time="0.016">
  <properties/>
  <testcase name="reads stream" classname="org.mockito.release.notes.util.IOUtilTest" time="0.015"/>
  <testcase name="closes streams" classname="org.mockito.release.notes.util.IOUtilTest" time="0.0"/>
  <system-out><![CDATA[]]></system-out>
  <system-err><![CDATA[]]></system-err>
</testsuite>
