<?xml version="1.0" encoding="UTF-8"?>
<testsuite name="org.mockito.release.exec.DefaultProcessRunnerTest" tests="1" skipped="0" failures="0" errors="0" timestamp="2019-01-24T14:56:27" hostname="ubuntu-QOSMIO-X70-B" time="0.038">
  <properties/>
  <testcase name="runs processes" classname="org.mockito.release.exec.DefaultProcessRunnerTest" time="0.038"/>
  <system-out><![CDATA[06:56:27.869 [Test worker] INFO  o.m.r.exec.DefaultProcessRunner - Executing command: [ls]
]]></system-out>
  <system-err><![CDATA[]]></system-err>
</testsuite>
