<?xml version="1.0" encoding="UTF-8"?>
<testsuite name="org.mockito.release.comparison.ZipCompareTest" tests="2" skipped="0" failures="0" errors="0" timestamp="2019-01-24T14:56:28" hostname="ubuntu-QOSMIO-X70-B" time="0.136">
  <properties/>
  <testcase name="compares zips" classname="org.mockito.release.comparison.ZipCompareTest" time="0.131"/>
  <testcase name="fails early when any of the zips cannot be opened" classname="org.mockito.release.comparison.ZipCompareTest" time="0.005"/>
  <system-out><![CDATA[06:56:28.170 [Test worker] INFO  o.m.release.comparison.ZipCompare - Comparing /tmp/junit8941501100971634204/junit7208166003504084212/zip-1.zip with /tmp/junit8941501100971634204/junit7208166003504084212/zip-2.zip
06:56:28.171 [Test worker] INFO  o.m.release.comparison.ZipCompare - 4 entries matched
06:56:28.171 [Test worker] INFO  o.m.release.comparison.ZipCompare - Comparing /tmp/junit8941501100971634204/junit7208166003504084212/zip-2.zip with /tmp/junit8941501100971634204/junit7208166003504084212/zip-1.zip
06:56:28.183 [Test worker] INFO  o.m.release.comparison.ZipCompare - 4 entries matched
06:56:28.184 [Test worker] INFO  o.m.release.comparison.ZipCompare - Comparing /tmp/junit8941501100971634204/junit7208166003504084212/zip-1.zip with /tmp/junit8941501100971634204/junit7208166003504084212/zip-3.zip
06:56:28.184 [Test worker] INFO  o.m.release.comparison.ZipCompare - x/y/4.txt does not match
06:56:28.184 [Test worker] INFO  o.m.release.comparison.ZipCompare - 3 entries matched
06:56:28.184 [Test worker] INFO  o.m.release.comparison.ZipCompare - 1 entries did not match
06:56:28.185 [Test worker] INFO  o.m.release.comparison.ZipCompare - Comparing /tmp/junit8941501100971634204/junit7208166003504084212/zip-1.zip with /tmp/junit8941501100971634204/junit7208166003504084212/zip-4.zip
06:56:28.186 [Test worker] INFO  o.m.release.comparison.ZipCompare - x/y/4.txt not found in /tmp/junit8941501100971634204/junit7208166003504084212/zip-4.zip
06:56:28.186 [Test worker] INFO  o.m.release.comparison.ZipCompare - 3 entries matched
06:56:28.186 [Test worker] INFO  o.m.release.comparison.ZipCompare - 1 entries did not match
06:56:28.186 [Test worker] INFO  o.m.release.comparison.ZipCompare - Comparing /tmp/junit8941501100971634204/junit7208166003504084212/zip-1.zip with /tmp/junit8941501100971634204/junit7208166003504084212/zip-5.zip
06:56:28.187 [Test worker] INFO  o.m.release.comparison.ZipCompare - x.txt not found in /tmp/junit8941501100971634204/junit7208166003504084212/zip-1.zip
06:56:28.187 [Test worker] INFO  o.m.release.comparison.ZipCompare - 4 entries matched
06:56:28.187 [Test worker] INFO  o.m.release.comparison.ZipCompare - 1 entries did not match
]]></system-out>
  <system-err><![CDATA[]]></system-err>
</testsuite>
