<?xml version="1.0" encoding="UTF-8"?>
<testsuite name="org.mockito.release.notes.util.IOUtilTest" tests="3" skipped="0" failures="0" errors="0" timestamp="2019-01-24T14:56:27" hostname="ubuntu-QOSMIO-X70-B" time="0.06">
  <properties/>
  <testcase name="reads stream" classname="org.mockito.release.notes.util.IOUtilTest" time="0.035"/>
  <testcase name="closes streams" classname="org.mockito.release.notes.util.IOUtilTest" time="0.006"/>
  <testcase name="writes file" classname="org.mockito.release.notes.util.IOUtilTest" time="0.015"/>
  <system-out><![CDATA[]]></system-out>
  <system-err><![CDATA[]]></system-err>
</testsuite>
