<?xml version="1.0" encoding="UTF-8"?>
<testsuite name="org.mockito.release.notes.ImprovementSetTest" tests="2" skipped="0" failures="0" errors="0" timestamp="2019-01-24T15:22:52" hostname="ubuntu-QOSMIO-X70-B" time="0.818">
  <properties/>
  <testcase name="renders improvements" classname="org.mockito.release.notes.ImprovementSetTest" time="0.735"/>
  <testcase name="filters out improvements by pattern" classname="org.mockito.release.notes.ImprovementSetTest" time="0.082"/>
  <system-out><![CDATA[]]></system-out>
  <system-err><![CDATA[]]></system-err>
</testsuite>
