<?xml version="1.0" encoding="UTF-8"?>
<testsuite name="org.mockito.release.comparison.ZipCompareTest" tests="2" skipped="0" failures="0" errors="0" timestamp="2019-01-24T15:38:14" hostname="ubuntu-QOSMIO-X70-B" time="0.328">
  <properties/>
  <testcase name="compares zips" classname="org.mockito.release.comparison.ZipCompareTest" time="0.32"/>
  <testcase name="fails early when any of the zips cannot be opened" classname="org.mockito.release.comparison.ZipCompareTest" time="0.008"/>
  <system-out><![CDATA[07:38:14.437 [Test worker] INFO  o.m.release.comparison.ZipCompare - Comparing /tmp/junit4357189034725827240/junit7843417331941123776/zip-1.zip with /tmp/junit4357189034725827240/junit7843417331941123776/zip-2.zip
07:38:14.438 [Test worker] INFO  o.m.release.comparison.ZipCompare - 4 entries matched
07:38:14.438 [Test worker] INFO  o.m.release.comparison.ZipCompare - Comparing /tmp/junit4357189034725827240/junit7843417331941123776/zip-2.zip with /tmp/junit4357189034725827240/junit7843417331941123776/zip-1.zip
07:38:14.439 [Test worker] INFO  o.m.release.comparison.ZipCompare - 4 entries matched
07:38:14.439 [Test worker] INFO  o.m.release.comparison.ZipCompare - Comparing /tmp/junit4357189034725827240/junit7843417331941123776/zip-6.zip with /tmp/junit4357189034725827240/junit7843417331941123776/zip-7.zip
07:38:14.439 [Test worker] INFO  o.m.release.comparison.ZipCompare - 0 entries matched
07:38:14.440 [Test worker] INFO  o.m.release.comparison.ZipCompare - Comparing /tmp/junit4357189034725827240/junit7843417331941123776/zip-7.zip with /tmp/junit4357189034725827240/junit7843417331941123776/zip-6.zip
07:38:14.440 [Test worker] INFO  o.m.release.comparison.ZipCompare - 0 entries matched
07:38:14.467 [Test worker] INFO  o.m.release.comparison.ZipCompare - Comparing /tmp/junit4357189034725827240/junit7843417331941123776/zip-1.zip with /tmp/junit4357189034725827240/junit7843417331941123776/zip-3.zip
07:38:14.470 [Test worker] INFO  o.m.release.comparison.ZipCompare - x/y/4.txt does not match
07:38:14.474 [Test worker] INFO  o.m.release.comparison.ZipCompare - 3 entries matched
07:38:14.481 [Test worker] INFO  o.m.release.comparison.ZipCompare - 1 entries did not match
07:38:14.489 [Test worker] INFO  o.m.release.comparison.ZipCompare - Comparing /tmp/junit4357189034725827240/junit7843417331941123776/zip-1.zip with /tmp/junit4357189034725827240/junit7843417331941123776/zip-4.zip
07:38:14.491 [Test worker] INFO  o.m.release.comparison.ZipCompare - x/y/4.txt not found in /tmp/junit4357189034725827240/junit7843417331941123776/zip-4.zip
07:38:14.491 [Test worker] INFO  o.m.release.comparison.ZipCompare - 3 entries matched
07:38:14.492 [Test worker] INFO  o.m.release.comparison.ZipCompare - 1 entries did not match
07:38:14.493 [Test worker] INFO  o.m.release.comparison.ZipCompare - Comparing /tmp/junit4357189034725827240/junit7843417331941123776/zip-1.zip with /tmp/junit4357189034725827240/junit7843417331941123776/zip-5.zip
07:38:14.494 [Test worker] INFO  o.m.release.comparison.ZipCompare - x.txt not found in /tmp/junit4357189034725827240/junit7843417331941123776/zip-1.zip
07:38:14.495 [Test worker] INFO  o.m.release.comparison.ZipCompare - 4 entries matched
07:38:14.496 [Test worker] INFO  o.m.release.comparison.ZipCompare - 1 entries did not match
07:38:14.505 [Test worker] INFO  o.m.release.comparison.ZipCompare - Comparing /tmp/junit4357189034725827240/junit7843417331941123776/zip-1.zip with /tmp/junit4357189034725827240/junit7843417331941123776/zip-6.zip
07:38:14.514 [Test worker] INFO  o.m.release.comparison.ZipCompare - 1.txt not found in /tmp/junit4357189034725827240/junit7843417331941123776/zip-6.zip
07:38:14.515 [Test worker] INFO  o.m.release.comparison.ZipCompare - x/2.txt not found in /tmp/junit4357189034725827240/junit7843417331941123776/zip-6.zip
07:38:14.515 [Test worker] INFO  o.m.release.comparison.ZipCompare - x/y/3.txt not found in /tmp/junit4357189034725827240/junit7843417331941123776/zip-6.zip
07:38:14.516 [Test worker] INFO  o.m.release.comparison.ZipCompare - x/y/4.txt not found in /tmp/junit4357189034725827240/junit7843417331941123776/zip-6.zip
07:38:14.517 [Test worker] INFO  o.m.release.comparison.ZipCompare - 0 entries matched
07:38:14.517 [Test worker] INFO  o.m.release.comparison.ZipCompare - 4 entries did not match
]]></system-out>
  <system-err><![CDATA[]]></system-err>
</testsuite>
