<?xml version="1.0" encoding="UTF-8"?>
<testsuite name="org.mockito.release.comparison.ZipCompareTest" tests="2" skipped="0" failures="0" errors="0" timestamp="2019-01-24T15:08:33" hostname="ubuntu-QOSMIO-X70-B" time="0.384">
  <properties/>
  <testcase name="compares zips" classname="org.mockito.release.comparison.ZipCompareTest" time="0.357"/>
  <testcase name="fails early when any of the zips cannot be opened" classname="org.mockito.release.comparison.ZipCompareTest" time="0.027"/>
  <system-out><![CDATA[07:08:33.814 [Test worker] INFO  o.m.release.comparison.ZipCompare - Comparing /tmp/junit2164636504291088254/junit5954494342779994470/zip-1.zip with /tmp/junit2164636504291088254/junit5954494342779994470/zip-2.zip
07:08:33.819 [Test worker] INFO  o.m.release.comparison.ZipCompare - 4 entries matched
07:08:33.833 [Test worker] INFO  o.m.release.comparison.ZipCompare - Comparing /tmp/junit2164636504291088254/junit5954494342779994470/zip-2.zip with /tmp/junit2164636504291088254/junit5954494342779994470/zip-1.zip
07:08:33.850 [Test worker] INFO  o.m.release.comparison.ZipCompare - 4 entries matched
07:08:33.852 [Test worker] INFO  o.m.release.comparison.ZipCompare - Comparing /tmp/junit2164636504291088254/junit5954494342779994470/zip-6.zip with /tmp/junit2164636504291088254/junit5954494342779994470/zip-7.zip
07:08:33.858 [Test worker] INFO  o.m.release.comparison.ZipCompare - 0 entries matched
07:08:33.869 [Test worker] INFO  o.m.release.comparison.ZipCompare - Comparing /tmp/junit2164636504291088254/junit5954494342779994470/zip-7.zip with /tmp/junit2164636504291088254/junit5954494342779994470/zip-6.zip
07:08:33.895 [Test worker] INFO  o.m.release.comparison.ZipCompare - 0 entries matched
07:08:33.896 [Test worker] INFO  o.m.release.comparison.ZipCompare - Comparing /tmp/junit2164636504291088254/junit5954494342779994470/zip-1.zip with /tmp/junit2164636504291088254/junit5954494342779994470/zip-3.zip
07:08:33.897 [Test worker] INFO  o.m.release.comparison.ZipCompare - x/y/4.txt does not match
07:08:33.897 [Test worker] INFO  o.m.release.comparison.ZipCompare - 3 entries matched
07:08:33.897 [Test worker] INFO  o.m.release.comparison.ZipCompare - 1 entries did not match
07:08:33.898 [Test worker] INFO  o.m.release.comparison.ZipCompare - Comparing /tmp/junit2164636504291088254/junit5954494342779994470/zip-1.zip with /tmp/junit2164636504291088254/junit5954494342779994470/zip-4.zip
07:08:33.898 [Test worker] INFO  o.m.release.comparison.ZipCompare - x/y/4.txt not found in /tmp/junit2164636504291088254/junit5954494342779994470/zip-4.zip
07:08:33.898 [Test worker] INFO  o.m.release.comparison.ZipCompare - 3 entries matched
07:08:33.898 [Test worker] INFO  o.m.release.comparison.ZipCompare - 1 entries did not match
07:08:33.899 [Test worker] INFO  o.m.release.comparison.ZipCompare - Comparing /tmp/junit2164636504291088254/junit5954494342779994470/zip-1.zip with /tmp/junit2164636504291088254/junit5954494342779994470/zip-5.zip
07:08:33.899 [Test worker] INFO  o.m.release.comparison.ZipCompare - x.txt not found in /tmp/junit2164636504291088254/junit5954494342779994470/zip-1.zip
07:08:33.900 [Test worker] INFO  o.m.release.comparison.ZipCompare - 4 entries matched
07:08:33.900 [Test worker] INFO  o.m.release.comparison.ZipCompare - 1 entries did not match
07:08:33.900 [Test worker] INFO  o.m.release.comparison.ZipCompare - Comparing /tmp/junit2164636504291088254/junit5954494342779994470/zip-1.zip with /tmp/junit2164636504291088254/junit5954494342779994470/zip-6.zip
07:08:33.900 [Test worker] INFO  o.m.release.comparison.ZipCompare - 1.txt not found in /tmp/junit2164636504291088254/junit5954494342779994470/zip-6.zip
07:08:33.901 [Test worker] INFO  o.m.release.comparison.ZipCompare - x/2.txt not found in /tmp/junit2164636504291088254/junit5954494342779994470/zip-6.zip
07:08:33.901 [Test worker] INFO  o.m.release.comparison.ZipCompare - x/y/3.txt not found in /tmp/junit2164636504291088254/junit5954494342779994470/zip-6.zip
07:08:33.901 [Test worker] INFO  o.m.release.comparison.ZipCompare - x/y/4.txt not found in /tmp/junit2164636504291088254/junit5954494342779994470/zip-6.zip
07:08:33.901 [Test worker] INFO  o.m.release.comparison.ZipCompare - 0 entries matched
07:08:33.901 [Test worker] INFO  o.m.release.comparison.ZipCompare - 4 entries did not match
]]></system-out>
  <system-err><![CDATA[]]></system-err>
</testsuite>
