<?xml version="1.0" encoding="UTF-8"?>
<testsuite name="org.mockito.release.notes.vcs.ContributionTest" tests="3" skipped="0" failures="0" errors="0" timestamp="2019-01-24T15:08:31" hostname="ubuntu-QOSMIO-X70-B" time="0.116">
  <properties/>
  <testcase name="accumulates commits" classname="org.mockito.release.notes.vcs.ContributionTest" time="0.049"/>
  <testcase name="can be sorted by number of commits" classname="org.mockito.release.notes.vcs.ContributionTest" time="0.051"/>
  <testcase name="has String representation" classname="org.mockito.release.notes.vcs.ContributionTest" time="0.001"/>
  <system-out><![CDATA[]]></system-out>
  <system-err><![CDATA[]]></system-err>
</testsuite>
