<?xml version="1.0" encoding="UTF-8"?>
<testsuite name="org.mockito.release.comparison.ZipCompareTest" tests="2" skipped="0" failures="0" errors="0" timestamp="2018-12-05T15:44:33" hostname="ubuntu-QOSMIO-X70-B" time="0.041">
  <properties/>
  <testcase name="compares zips" classname="org.mockito.release.comparison.ZipCompareTest" time="0.037"/>
  <testcase name="fails early when any of the zips cannot be opened" classname="org.mockito.release.comparison.ZipCompareTest" time="0.003"/>
  <system-out><![CDATA[07:44:33.654 [Test worker] INFO  o.m.release.comparison.ZipCompare - Comparing /tmp/junit5082472216831865498/junit7274379785402062677/zip-1.zip with /tmp/junit5082472216831865498/junit7274379785402062677/zip-2.zip
07:44:33.655 [Test worker] INFO  o.m.release.comparison.ZipCompare - 4 entries matched
07:44:33.655 [Test worker] INFO  o.m.release.comparison.ZipCompare - Comparing /tmp/junit5082472216831865498/junit7274379785402062677/zip-2.zip with /tmp/junit5082472216831865498/junit7274379785402062677/zip-1.zip
07:44:33.656 [Test worker] INFO  o.m.release.comparison.ZipCompare - 4 entries matched
07:44:33.656 [Test worker] INFO  o.m.release.comparison.ZipCompare - Comparing /tmp/junit5082472216831865498/junit7274379785402062677/zip-1.zip with /tmp/junit5082472216831865498/junit7274379785402062677/zip-3.zip
07:44:33.656 [Test worker] INFO  o.m.release.comparison.ZipCompare - x/y/4.txt does not match
07:44:33.656 [Test worker] INFO  o.m.release.comparison.ZipCompare - 3 entries matched
07:44:33.656 [Test worker] INFO  o.m.release.comparison.ZipCompare - 1 entries did not match
07:44:33.657 [Test worker] INFO  o.m.release.comparison.ZipCompare - Comparing /tmp/junit5082472216831865498/junit7274379785402062677/zip-1.zip with /tmp/junit5082472216831865498/junit7274379785402062677/zip-4.zip
07:44:33.657 [Test worker] INFO  o.m.release.comparison.ZipCompare - x/y/4.txt not found in /tmp/junit5082472216831865498/junit7274379785402062677/zip-4.zip
07:44:33.657 [Test worker] INFO  o.m.release.comparison.ZipCompare - 3 entries matched
07:44:33.657 [Test worker] INFO  o.m.release.comparison.ZipCompare - 1 entries did not match
07:44:33.658 [Test worker] INFO  o.m.release.comparison.ZipCompare - Comparing /tmp/junit5082472216831865498/junit7274379785402062677/zip-1.zip with /tmp/junit5082472216831865498/junit7274379785402062677/zip-5.zip
07:44:33.658 [Test worker] INFO  o.m.release.comparison.ZipCompare - x.txt not found in /tmp/junit5082472216831865498/junit7274379785402062677/zip-1.zip
07:44:33.658 [Test worker] INFO  o.m.release.comparison.ZipCompare - 4 entries matched
07:44:33.658 [Test worker] INFO  o.m.release.comparison.ZipCompare - 1 entries did not match
]]></system-out>
  <system-err><![CDATA[]]></system-err>
</testsuite>
