<?xml version="1.0" encoding="UTF-8"?>
<testsuite name="testutil.OfflineCheckerTest" tests="1" skipped="0" failures="0" errors="0" timestamp="2018-12-05T15:44:33" hostname="ubuntu-QOSMIO-X70-B" time="0.026">
  <properties/>
  <testcase name="knows when is offline" classname="testutil.OfflineCheckerTest" time="0.026"/>
  <system-out><![CDATA[]]></system-out>
  <system-err><![CDATA[]]></system-err>
</testsuite>
