<?xml version="1.0" encoding="UTF-8"?>
<testsuite name="org.mockito.release.comparison.ZipCompareTest" tests="2" skipped="0" failures="0" errors="0" timestamp="2018-12-05T15:40:19" hostname="ubuntu-QOSMIO-X70-B" time="0.062">
  <properties/>
  <testcase name="compares zips" classname="org.mockito.release.comparison.ZipCompareTest" time="0.058"/>
  <testcase name="fails early when any of the zips cannot be opened" classname="org.mockito.release.comparison.ZipCompareTest" time="0.003"/>
  <system-out><![CDATA[07:40:19.394 [Test worker] INFO  o.m.release.comparison.ZipCompare - Comparing /tmp/junit4298947555059684379/junit555149465056009719/zip-1.zip with /tmp/junit4298947555059684379/junit555149465056009719/zip-2.zip
07:40:19.398 [Test worker] INFO  o.m.release.comparison.ZipCompare - 4 entries matched
07:40:19.398 [Test worker] INFO  o.m.release.comparison.ZipCompare - Comparing /tmp/junit4298947555059684379/junit555149465056009719/zip-2.zip with /tmp/junit4298947555059684379/junit555149465056009719/zip-1.zip
07:40:19.399 [Test worker] INFO  o.m.release.comparison.ZipCompare - 4 entries matched
07:40:19.399 [Test worker] INFO  o.m.release.comparison.ZipCompare - Comparing /tmp/junit4298947555059684379/junit555149465056009719/zip-6.zip with /tmp/junit4298947555059684379/junit555149465056009719/zip-7.zip
07:40:19.399 [Test worker] INFO  o.m.release.comparison.ZipCompare - 0 entries matched
07:40:19.400 [Test worker] INFO  o.m.release.comparison.ZipCompare - Comparing /tmp/junit4298947555059684379/junit555149465056009719/zip-7.zip with /tmp/junit4298947555059684379/junit555149465056009719/zip-6.zip
07:40:19.400 [Test worker] INFO  o.m.release.comparison.ZipCompare - 0 entries matched
07:40:19.400 [Test worker] INFO  o.m.release.comparison.ZipCompare - Comparing /tmp/junit4298947555059684379/junit555149465056009719/zip-1.zip with /tmp/junit4298947555059684379/junit555149465056009719/zip-3.zip
07:40:19.400 [Test worker] INFO  o.m.release.comparison.ZipCompare - x/y/4.txt does not match
07:40:19.401 [Test worker] INFO  o.m.release.comparison.ZipCompare - 3 entries matched
07:40:19.401 [Test worker] INFO  o.m.release.comparison.ZipCompare - 1 entries did not match
07:40:19.401 [Test worker] INFO  o.m.release.comparison.ZipCompare - Comparing /tmp/junit4298947555059684379/junit555149465056009719/zip-1.zip with /tmp/junit4298947555059684379/junit555149465056009719/zip-4.zip
07:40:19.402 [Test worker] INFO  o.m.release.comparison.ZipCompare - x/y/4.txt not found in /tmp/junit4298947555059684379/junit555149465056009719/zip-4.zip
07:40:19.402 [Test worker] INFO  o.m.release.comparison.ZipCompare - 3 entries matched
07:40:19.402 [Test worker] INFO  o.m.release.comparison.ZipCompare - 1 entries did not match
07:40:19.402 [Test worker] INFO  o.m.release.comparison.ZipCompare - Comparing /tmp/junit4298947555059684379/junit555149465056009719/zip-1.zip with /tmp/junit4298947555059684379/junit555149465056009719/zip-5.zip
07:40:19.403 [Test worker] INFO  o.m.release.comparison.ZipCompare - x.txt not found in /tmp/junit4298947555059684379/junit555149465056009719/zip-1.zip
07:40:19.403 [Test worker] INFO  o.m.release.comparison.ZipCompare - 4 entries matched
07:40:19.403 [Test worker] INFO  o.m.release.comparison.ZipCompare - 1 entries did not match
07:40:19.403 [Test worker] INFO  o.m.release.comparison.ZipCompare - Comparing /tmp/junit4298947555059684379/junit555149465056009719/zip-1.zip with /tmp/junit4298947555059684379/junit555149465056009719/zip-6.zip
07:40:19.403 [Test worker] INFO  o.m.release.comparison.ZipCompare - 1.txt not found in /tmp/junit4298947555059684379/junit555149465056009719/zip-6.zip
07:40:19.403 [Test worker] INFO  o.m.release.comparison.ZipCompare - x/2.txt not found in /tmp/junit4298947555059684379/junit555149465056009719/zip-6.zip
07:40:19.403 [Test worker] INFO  o.m.release.comparison.ZipCompare - x/y/3.txt not found in /tmp/junit4298947555059684379/junit555149465056009719/zip-6.zip
07:40:19.404 [Test worker] INFO  o.m.release.comparison.ZipCompare - x/y/4.txt not found in /tmp/junit4298947555059684379/junit555149465056009719/zip-6.zip
07:40:19.404 [Test worker] INFO  o.m.release.comparison.ZipCompare - 0 entries matched
07:40:19.404 [Test worker] INFO  o.m.release.comparison.ZipCompare - 4 entries did not match
]]></system-out>
  <system-err><![CDATA[]]></system-err>
</testsuite>
