<?xml version="1.0" encoding="UTF-8"?>
<testsuite name="org.mockito.release.comparison.ZipCompareTest" tests="2" skipped="0" failures="0" errors="0" timestamp="2018-12-05T15:35:35" hostname="ubuntu-QOSMIO-X70-B" time="0.051">
  <properties/>
  <testcase name="compares zips" classname="org.mockito.release.comparison.ZipCompareTest" time="0.047"/>
  <testcase name="fails early when any of the zips cannot be opened" classname="org.mockito.release.comparison.ZipCompareTest" time="0.004"/>
  <system-out><![CDATA[07:35:35.565 [Test worker] INFO  o.m.release.comparison.ZipCompare - Comparing /tmp/junit3578746277258817627/junit3769200533791077450/zip-1.zip with /tmp/junit3578746277258817627/junit3769200533791077450/zip-2.zip
07:35:35.566 [Test worker] INFO  o.m.release.comparison.ZipCompare - 4 entries matched
07:35:35.566 [Test worker] INFO  o.m.release.comparison.ZipCompare - Comparing /tmp/junit3578746277258817627/junit3769200533791077450/zip-2.zip with /tmp/junit3578746277258817627/junit3769200533791077450/zip-1.zip
07:35:35.566 [Test worker] INFO  o.m.release.comparison.ZipCompare - 4 entries matched
07:35:35.567 [Test worker] INFO  o.m.release.comparison.ZipCompare - Comparing /tmp/junit3578746277258817627/junit3769200533791077450/zip-1.zip with /tmp/junit3578746277258817627/junit3769200533791077450/zip-3.zip
07:35:35.567 [Test worker] INFO  o.m.release.comparison.ZipCompare - x/y/4.txt does not match
07:35:35.567 [Test worker] INFO  o.m.release.comparison.ZipCompare - 3 entries matched
07:35:35.567 [Test worker] INFO  o.m.release.comparison.ZipCompare - 1 entries did not match
07:35:35.568 [Test worker] INFO  o.m.release.comparison.ZipCompare - Comparing /tmp/junit3578746277258817627/junit3769200533791077450/zip-1.zip with /tmp/junit3578746277258817627/junit3769200533791077450/zip-4.zip
07:35:35.569 [Test worker] INFO  o.m.release.comparison.ZipCompare - x/y/4.txt not found in /tmp/junit3578746277258817627/junit3769200533791077450/zip-4.zip
07:35:35.569 [Test worker] INFO  o.m.release.comparison.ZipCompare - 3 entries matched
07:35:35.569 [Test worker] INFO  o.m.release.comparison.ZipCompare - 1 entries did not match
07:35:35.570 [Test worker] INFO  o.m.release.comparison.ZipCompare - Comparing /tmp/junit3578746277258817627/junit3769200533791077450/zip-1.zip with /tmp/junit3578746277258817627/junit3769200533791077450/zip-5.zip
07:35:35.570 [Test worker] INFO  o.m.release.comparison.ZipCompare - x.txt not found in /tmp/junit3578746277258817627/junit3769200533791077450/zip-1.zip
07:35:35.571 [Test worker] INFO  o.m.release.comparison.ZipCompare - 4 entries matched
07:35:35.571 [Test worker] INFO  o.m.release.comparison.ZipCompare - 1 entries did not match
]]></system-out>
  <system-err><![CDATA[]]></system-err>
</testsuite>
