<?xml version="1.0" encoding="UTF-8"?>
<testsuite name="org.mockito.release.version.DefaultVersionFileTest" tests="3" skipped="0" failures="0" errors="0" timestamp="2018-12-05T15:46:08" hostname="ubuntu-QOSMIO-X70-B" time="0.222">
  <properties/>
  <testcase name="does not support files without 'version' property" classname="org.mockito.release.version.DefaultVersionFileTest" time="0.19"/>
  <testcase name="knows version stored in the file" classname="org.mockito.release.version.DefaultVersionFileTest" time="0.013"/>
  <testcase name="increments version in file" classname="org.mockito.release.version.DefaultVersionFileTest" time="0.018"/>
  <system-out><![CDATA[]]></system-out>
  <system-err><![CDATA[]]></system-err>
</testsuite>
