<?xml version="1.0" encoding="UTF-8"?>
<testsuite name="org.mockito.release.comparison.ZipCompareTest" tests="2" skipped="0" failures="0" errors="0" timestamp="2018-12-05T15:34:45" hostname="ubuntu-QOSMIO-X70-B" time="0.06">
  <properties/>
  <testcase name="compares zips" classname="org.mockito.release.comparison.ZipCompareTest" time="0.055"/>
  <testcase name="fails early when any of the zips cannot be opened" classname="org.mockito.release.comparison.ZipCompareTest" time="0.005"/>
  <system-out><![CDATA[07:34:45.876 [Test worker] INFO  o.m.release.comparison.ZipCompare - Comparing /tmp/junit4732945643299438227/junit7881623788439643016/zip-1.zip with /tmp/junit4732945643299438227/junit7881623788439643016/zip-2.zip
07:34:45.877 [Test worker] INFO  o.m.release.comparison.ZipCompare - 4 entries matched
07:34:45.878 [Test worker] INFO  o.m.release.comparison.ZipCompare - Comparing /tmp/junit4732945643299438227/junit7881623788439643016/zip-2.zip with /tmp/junit4732945643299438227/junit7881623788439643016/zip-1.zip
07:34:45.878 [Test worker] INFO  o.m.release.comparison.ZipCompare - 4 entries matched
07:34:45.878 [Test worker] INFO  o.m.release.comparison.ZipCompare - Comparing /tmp/junit4732945643299438227/junit7881623788439643016/zip-1.zip with /tmp/junit4732945643299438227/junit7881623788439643016/zip-3.zip
07:34:45.879 [Test worker] INFO  o.m.release.comparison.ZipCompare - x/y/4.txt does not match
07:34:45.879 [Test worker] INFO  o.m.release.comparison.ZipCompare - 3 entries matched
07:34:45.879 [Test worker] INFO  o.m.release.comparison.ZipCompare - 1 entries did not match
07:34:45.880 [Test worker] INFO  o.m.release.comparison.ZipCompare - Comparing /tmp/junit4732945643299438227/junit7881623788439643016/zip-1.zip with /tmp/junit4732945643299438227/junit7881623788439643016/zip-4.zip
07:34:45.881 [Test worker] INFO  o.m.release.comparison.ZipCompare - x/y/4.txt not found in /tmp/junit4732945643299438227/junit7881623788439643016/zip-4.zip
07:34:45.881 [Test worker] INFO  o.m.release.comparison.ZipCompare - 3 entries matched
07:34:45.881 [Test worker] INFO  o.m.release.comparison.ZipCompare - 1 entries did not match
07:34:45.881 [Test worker] INFO  o.m.release.comparison.ZipCompare - Comparing /tmp/junit4732945643299438227/junit7881623788439643016/zip-1.zip with /tmp/junit4732945643299438227/junit7881623788439643016/zip-5.zip
07:34:45.882 [Test worker] INFO  o.m.release.comparison.ZipCompare - x.txt not found in /tmp/junit4732945643299438227/junit7881623788439643016/zip-1.zip
07:34:45.882 [Test worker] INFO  o.m.release.comparison.ZipCompare - 4 entries matched
07:34:45.882 [Test worker] INFO  o.m.release.comparison.ZipCompare - 1 entries did not match
]]></system-out>
  <system-err><![CDATA[]]></system-err>
</testsuite>
