<?xml version="1.0" encoding="UTF-8"?>
<testsuite name="org.mockito.release.notes.util.IOUtilTest" tests="2" skipped="0" failures="0" errors="0" timestamp="2019-01-24T15:16:22" hostname="ubuntu-QOSMIO-X70-B" time="0.08">
  <properties/>
  <testcase name="reads stream" classname="org.mockito.release.notes.util.IOUtilTest" time="0.062"/>
  <testcase name="closes streams" classname="org.mockito.release.notes.util.IOUtilTest" time="0.001"/>
  <system-out><![CDATA[]]></system-out>
  <system-err><![CDATA[]]></system-err>
</testsuite>
