<?xml version="1.0" encoding="UTF-8"?>
<testsuite name="org.mockito.release.notes.vcs.GitContributionsProviderTest" tests="3" skipped="0" failures="0" errors="0" timestamp="2019-01-24T15:16:21" hostname="ubuntu-QOSMIO-X70-B" time="0.69">
  <properties/>
  <testcase name="provides contributions" classname="org.mockito.release.notes.vcs.GitContributionsProviderTest" time="0.666"/>
  <testcase name="has basic handling of garbage in log" classname="org.mockito.release.notes.vcs.GitContributionsProviderTest" time="0.019"/>
  <testcase name="handles empty log" classname="org.mockito.release.notes.vcs.GitContributionsProviderTest" time="0.004"/>
  <system-out><![CDATA[07:16:22.145 [Test worker] INFO  o.m.r.n.vcs.GitContributionsProvider - Fetching v1.10.10 from the repo
07:16:22.152 [Test worker] INFO  o.m.r.n.vcs.GitContributionsProvider - Loading all commits between v1.10.10 and HEAD
07:16:22.202 [Test worker] INFO  o.m.r.n.vcs.GitContributionsProvider - Fetching v1.10.10 from the repo
07:16:22.202 [Test worker] INFO  o.m.r.n.vcs.GitContributionsProvider - Loading all commits between v1.10.10 and HEAD
07:16:22.207 [Test worker] INFO  o.m.r.n.vcs.GitContributionsProvider - Fetching v1.10.10 from the repo
07:16:22.208 [Test worker] INFO  o.m.r.n.vcs.GitContributionsProvider - Loading all commits between v1.10.10 and HEAD
]]></system-out>
  <system-err><![CDATA[]]></system-err>
</testsuite>
