<?xml version="1.0" encoding="UTF-8"?>
<testsuite name="org.mockito.release.comparison.ZipCompareTest" tests="2" skipped="0" failures="0" errors="0" timestamp="2018-12-05T15:36:32" hostname="ubuntu-QOSMIO-X70-B" time="0.051">
  <properties/>
  <testcase name="compares zips" classname="org.mockito.release.comparison.ZipCompareTest" time="0.047"/>
  <testcase name="fails early when any of the zips cannot be opened" classname="org.mockito.release.comparison.ZipCompareTest" time="0.004"/>
  <system-out><![CDATA[07:36:32.979 [Test worker] INFO  o.m.release.comparison.ZipCompare - Comparing /tmp/junit141724169406388850/junit4992242903706630718/zip-1.zip with /tmp/junit141724169406388850/junit4992242903706630718/zip-2.zip
07:36:32.980 [Test worker] INFO  o.m.release.comparison.ZipCompare - 4 entries matched
07:36:32.981 [Test worker] INFO  o.m.release.comparison.ZipCompare - Comparing /tmp/junit141724169406388850/junit4992242903706630718/zip-2.zip with /tmp/junit141724169406388850/junit4992242903706630718/zip-1.zip
07:36:32.981 [Test worker] INFO  o.m.release.comparison.ZipCompare - 4 entries matched
07:36:32.982 [Test worker] INFO  o.m.release.comparison.ZipCompare - Comparing /tmp/junit141724169406388850/junit4992242903706630718/zip-1.zip with /tmp/junit141724169406388850/junit4992242903706630718/zip-3.zip
07:36:32.982 [Test worker] INFO  o.m.release.comparison.ZipCompare - x/y/4.txt does not match
07:36:32.982 [Test worker] INFO  o.m.release.comparison.ZipCompare - 3 entries matched
07:36:32.982 [Test worker] INFO  o.m.release.comparison.ZipCompare - 1 entries did not match
07:36:32.983 [Test worker] INFO  o.m.release.comparison.ZipCompare - Comparing /tmp/junit141724169406388850/junit4992242903706630718/zip-1.zip with /tmp/junit141724169406388850/junit4992242903706630718/zip-4.zip
07:36:32.984 [Test worker] INFO  o.m.release.comparison.ZipCompare - x/y/4.txt not found in /tmp/junit141724169406388850/junit4992242903706630718/zip-4.zip
07:36:32.984 [Test worker] INFO  o.m.release.comparison.ZipCompare - 3 entries matched
07:36:32.984 [Test worker] INFO  o.m.release.comparison.ZipCompare - 1 entries did not match
07:36:32.984 [Test worker] INFO  o.m.release.comparison.ZipCompare - Comparing /tmp/junit141724169406388850/junit4992242903706630718/zip-1.zip with /tmp/junit141724169406388850/junit4992242903706630718/zip-5.zip
07:36:32.985 [Test worker] INFO  o.m.release.comparison.ZipCompare - x.txt not found in /tmp/junit141724169406388850/junit4992242903706630718/zip-1.zip
07:36:32.985 [Test worker] INFO  o.m.release.comparison.ZipCompare - 4 entries matched
07:36:32.985 [Test worker] INFO  o.m.release.comparison.ZipCompare - 1 entries did not match
]]></system-out>
  <system-err><![CDATA[]]></system-err>
</testsuite>
