<?xml version="1.0" encoding="UTF-8"?>
<testsuite name="org.mockito.release.notes.improvements.DefaultImprovementsTest" tests="2" skipped="0" failures="0" errors="0" timestamp="2018-12-05T15:36:32" hostname="ubuntu-QOSMIO-X70-B" time="0.008">
  <properties/>
  <testcase name="empty improvements" classname="org.mockito.release.notes.improvements.DefaultImprovementsTest" time="0.004"/>
  <testcase name="with improvements" classname="org.mockito.release.notes.improvements.DefaultImprovementsTest" time="0.004"/>
  <system-out><![CDATA[]]></system-out>
  <system-err><![CDATA[]]></system-err>
</testsuite>
