<?xml version="1.0" encoding="UTF-8"?>
<testsuite name="org.mockito.release.comparison.ZipCompareTest" tests="2" skipped="0" failures="0" errors="0" timestamp="2018-12-05T15:38:27" hostname="ubuntu-QOSMIO-X70-B" time="0.092">
  <properties/>
  <testcase name="compares zips" classname="org.mockito.release.comparison.ZipCompareTest" time="0.086"/>
  <testcase name="fails early when any of the zips cannot be opened" classname="org.mockito.release.comparison.ZipCompareTest" time="0.006"/>
  <system-out><![CDATA[07:38:27.617 [Test worker] INFO  o.m.release.comparison.ZipCompare - Comparing /tmp/junit1190700693532717149/junit6294848518436943593/zip-1.zip with /tmp/junit1190700693532717149/junit6294848518436943593/zip-2.zip
07:38:27.624 [Test worker] INFO  o.m.release.comparison.ZipCompare - 4 entries matched
07:38:27.624 [Test worker] INFO  o.m.release.comparison.ZipCompare - Comparing /tmp/junit1190700693532717149/junit6294848518436943593/zip-2.zip with /tmp/junit1190700693532717149/junit6294848518436943593/zip-1.zip
07:38:27.625 [Test worker] INFO  o.m.release.comparison.ZipCompare - 4 entries matched
07:38:27.626 [Test worker] INFO  o.m.release.comparison.ZipCompare - Comparing /tmp/junit1190700693532717149/junit6294848518436943593/zip-6.zip with /tmp/junit1190700693532717149/junit6294848518436943593/zip-7.zip
07:38:27.626 [Test worker] INFO  o.m.release.comparison.ZipCompare - 0 entries matched
07:38:27.627 [Test worker] INFO  o.m.release.comparison.ZipCompare - Comparing /tmp/junit1190700693532717149/junit6294848518436943593/zip-7.zip with /tmp/junit1190700693532717149/junit6294848518436943593/zip-6.zip
07:38:27.627 [Test worker] INFO  o.m.release.comparison.ZipCompare - 0 entries matched
07:38:27.628 [Test worker] INFO  o.m.release.comparison.ZipCompare - Comparing /tmp/junit1190700693532717149/junit6294848518436943593/zip-1.zip with /tmp/junit1190700693532717149/junit6294848518436943593/zip-3.zip
07:38:27.628 [Test worker] INFO  o.m.release.comparison.ZipCompare - x/y/4.txt does not match
07:38:27.628 [Test worker] INFO  o.m.release.comparison.ZipCompare - 3 entries matched
07:38:27.628 [Test worker] INFO  o.m.release.comparison.ZipCompare - 1 entries did not match
07:38:27.629 [Test worker] INFO  o.m.release.comparison.ZipCompare - Comparing /tmp/junit1190700693532717149/junit6294848518436943593/zip-1.zip with /tmp/junit1190700693532717149/junit6294848518436943593/zip-4.zip
07:38:27.629 [Test worker] INFO  o.m.release.comparison.ZipCompare - x/y/4.txt not found in /tmp/junit1190700693532717149/junit6294848518436943593/zip-4.zip
07:38:27.629 [Test worker] INFO  o.m.release.comparison.ZipCompare - 3 entries matched
07:38:27.630 [Test worker] INFO  o.m.release.comparison.ZipCompare - 1 entries did not match
07:38:27.630 [Test worker] INFO  o.m.release.comparison.ZipCompare - Comparing /tmp/junit1190700693532717149/junit6294848518436943593/zip-1.zip with /tmp/junit1190700693532717149/junit6294848518436943593/zip-5.zip
07:38:27.631 [Test worker] INFO  o.m.release.comparison.ZipCompare - x.txt not found in /tmp/junit1190700693532717149/junit6294848518436943593/zip-1.zip
07:38:27.631 [Test worker] INFO  o.m.release.comparison.ZipCompare - 4 entries matched
07:38:27.631 [Test worker] INFO  o.m.release.comparison.ZipCompare - 1 entries did not match
07:38:27.631 [Test worker] INFO  o.m.release.comparison.ZipCompare - Comparing /tmp/junit1190700693532717149/junit6294848518436943593/zip-1.zip with /tmp/junit1190700693532717149/junit6294848518436943593/zip-6.zip
07:38:27.631 [Test worker] INFO  o.m.release.comparison.ZipCompare - 1.txt not found in /tmp/junit1190700693532717149/junit6294848518436943593/zip-6.zip
07:38:27.632 [Test worker] INFO  o.m.release.comparison.ZipCompare - x/2.txt not found in /tmp/junit1190700693532717149/junit6294848518436943593/zip-6.zip
07:38:27.632 [Test worker] INFO  o.m.release.comparison.ZipCompare - x/y/3.txt not found in /tmp/junit1190700693532717149/junit6294848518436943593/zip-6.zip
07:38:27.632 [Test worker] INFO  o.m.release.comparison.ZipCompare - x/y/4.txt not found in /tmp/junit1190700693532717149/junit6294848518436943593/zip-6.zip
07:38:27.632 [Test worker] INFO  o.m.release.comparison.ZipCompare - 0 entries matched
07:38:27.632 [Test worker] INFO  o.m.release.comparison.ZipCompare - 4 entries did not match
]]></system-out>
  <system-err><![CDATA[]]></system-err>
</testsuite>
