<?xml version="1.0" encoding="UTF-8"?>
<testsuite name="org.mockito.release.comparison.ZipCompareTest" tests="2" skipped="0" failures="0" errors="0" timestamp="2018-12-05T15:33:49" hostname="ubuntu-QOSMIO-X70-B" time="0.068">
  <properties/>
  <testcase name="compares zips" classname="org.mockito.release.comparison.ZipCompareTest" time="0.064"/>
  <testcase name="fails early when any of the zips cannot be opened" classname="org.mockito.release.comparison.ZipCompareTest" time="0.004"/>
  <system-out><![CDATA[07:33:49.761 [Test worker] INFO  o.m.release.comparison.ZipCompare - Comparing /tmp/junit3732452000441532855/junit5304027559577466311/zip-1.zip with /tmp/junit3732452000441532855/junit5304027559577466311/zip-2.zip
07:33:49.761 [Test worker] INFO  o.m.release.comparison.ZipCompare - 4 entries matched
07:33:49.762 [Test worker] INFO  o.m.release.comparison.ZipCompare - Comparing /tmp/junit3732452000441532855/junit5304027559577466311/zip-2.zip with /tmp/junit3732452000441532855/junit5304027559577466311/zip-1.zip
07:33:49.762 [Test worker] INFO  o.m.release.comparison.ZipCompare - 4 entries matched
07:33:49.762 [Test worker] INFO  o.m.release.comparison.ZipCompare - Comparing /tmp/junit3732452000441532855/junit5304027559577466311/zip-1.zip with /tmp/junit3732452000441532855/junit5304027559577466311/zip-3.zip
07:33:49.763 [Test worker] INFO  o.m.release.comparison.ZipCompare - x/y/4.txt does not match
07:33:49.763 [Test worker] INFO  o.m.release.comparison.ZipCompare - 3 entries matched
07:33:49.763 [Test worker] INFO  o.m.release.comparison.ZipCompare - 1 entries did not match
07:33:49.764 [Test worker] INFO  o.m.release.comparison.ZipCompare - Comparing /tmp/junit3732452000441532855/junit5304027559577466311/zip-1.zip with /tmp/junit3732452000441532855/junit5304027559577466311/zip-4.zip
07:33:49.764 [Test worker] INFO  o.m.release.comparison.ZipCompare - x/y/4.txt not found in /tmp/junit3732452000441532855/junit5304027559577466311/zip-4.zip
07:33:49.764 [Test worker] INFO  o.m.release.comparison.ZipCompare - 3 entries matched
07:33:49.764 [Test worker] INFO  o.m.release.comparison.ZipCompare - 1 entries did not match
07:33:49.765 [Test worker] INFO  o.m.release.comparison.ZipCompare - Comparing /tmp/junit3732452000441532855/junit5304027559577466311/zip-1.zip with /tmp/junit3732452000441532855/junit5304027559577466311/zip-5.zip
07:33:49.765 [Test worker] INFO  o.m.release.comparison.ZipCompare - x.txt not found in /tmp/junit3732452000441532855/junit5304027559577466311/zip-1.zip
07:33:49.765 [Test worker] INFO  o.m.release.comparison.ZipCompare - 4 entries matched
07:33:49.765 [Test worker] INFO  o.m.release.comparison.ZipCompare - 1 entries did not match
]]></system-out>
  <system-err><![CDATA[]]></system-err>
</testsuite>
