<?xml version="1.0" encoding="UTF-8"?>
<testsuite name="org.mockito.release.notes.util.IOUtilTest" tests="3" skipped="0" failures="0" errors="0" timestamp="2018-12-05T15:33:49" hostname="ubuntu-QOSMIO-X70-B" time="0.017">
  <properties/>
  <testcase name="reads stream" classname="org.mockito.release.notes.util.IOUtilTest" time="0.008"/>
  <testcase name="closes streams" classname="org.mockito.release.notes.util.IOUtilTest" time="0.001"/>
  <testcase name="writes file" classname="org.mockito.release.notes.util.IOUtilTest" time="0.007"/>
  <system-out><![CDATA[]]></system-out>
  <system-err><![CDATA[]]></system-err>
</testsuite>
