<?xml version="1.0" encoding="UTF-8"?>
<testsuite name="org.mockito.release.notes.vcs.TicketParserTest" tests="2" skipped="0" failures="0" errors="0" timestamp="2019-01-24T15:12:33" hostname="ubuntu-QOSMIO-X70-B" time="0.062">
  <properties/>
  <testcase name="no referenced tickets" classname="org.mockito.release.notes.vcs.TicketParserTest" time="0.028"/>
  <testcase name="knows referenced tickets" classname="org.mockito.release.notes.vcs.TicketParserTest" time="0.033"/>
  <system-out><![CDATA[]]></system-out>
  <system-err><![CDATA[]]></system-err>
</testsuite>
