<?xml version="1.0" encoding="UTF-8"?>
<testsuite name="org.mockito.release.git.DefaultGitAuthorTest" tests="2" skipped="0" failures="0" errors="0" timestamp="2019-01-24T15:12:35" hostname="ubuntu-QOSMIO-X70-B" time="0.065">
  <properties/>
  <testcase name="restores specific author" classname="org.mockito.release.git.DefaultGitAuthorTest" time="0.042"/>
  <testcase name="unsets author if not configured previously" classname="org.mockito.release.git.DefaultGitAuthorTest" time="0.016"/>
  <system-out><![CDATA[]]></system-out>
  <system-err><![CDATA[]]></system-err>
</testsuite>
