<?xml version="1.0" encoding="UTF-8"?>
<testsuite name="org.mockito.release.notes.internal.ImprovementsPrinterIntegrationTest" tests="2" skipped="0" failures="0" errors="0" timestamp="2018-12-05T15:47:01" hostname="ubuntu-QOSMIO-X70-B" time="0.032">
  <properties/>
  <testcase name="should print formatted change list" classname="org.mockito.release.notes.internal.ImprovementsPrinterIntegrationTest" time="0.031"/>
  <testcase name="should print formatted change list for no changes" classname="org.mockito.release.notes.internal.ImprovementsPrinterIntegrationTest" time="0.001"/>
  <system-out><![CDATA[]]></system-out>
  <system-err><![CDATA[]]></system-err>
</testsuite>
