<?xml version="1.0" encoding="UTF-8"?>
<testsuite name="org.mockito.release.notes.OneCategoryImprovementSetTest" tests="2" skipped="0" failures="0" errors="0" timestamp="2019-01-24T15:40:54" hostname="ubuntu-QOSMIO-X70-B" time="0.172">
  <properties/>
  <testcase name="renders improvements" classname="org.mockito.release.notes.OneCategoryImprovementSetTest" time="0.119"/>
  <testcase name="filters out improvements by pattern" classname="org.mockito.release.notes.OneCategoryImprovementSetTest" time="0.053"/>
  <system-out><![CDATA[]]></system-out>
  <system-err><![CDATA[]]></system-err>
</testsuite>
