<?xml version="1.0" encoding="UTF-8"?>
<testsuite name="org.mockito.release.util.InputOutputTest" tests="1" skipped="0" failures="0" errors="0" timestamp="2019-01-24T15:40:54" hostname="ubuntu-QOSMIO-X70-B" time="0.016">
  <properties/>
  <testcase name="closes streams" classname="org.mockito.release.util.InputOutputTest" time="0.016"/>
  <system-out><![CDATA[]]></system-out>
  <system-err><![CDATA[]]></system-err>
</testsuite>
