<?xml version="1.0" encoding="UTF-8"?>
<testsuite name="org.mockito.release.notes.exec.DefaultProcessRunnerTest" tests="1" skipped="0" failures="0" errors="0" timestamp="2018-12-05T15:41:13" hostname="ubuntu-QOSMIO-X70-B" time="0.016">
  <properties/>
  <testcase name="runs processes" classname="org.mockito.release.notes.exec.DefaultProcessRunnerTest" time="0.016"/>
  <system-out><![CDATA[07:41:13.631 [Test worker] INFO  o.m.r.n.exec.DefaultProcessRunner - Executing command: [ls]
]]></system-out>
  <system-err><![CDATA[]]></system-err>
</testsuite>
