<?xml version="1.0" encoding="UTF-8"?>
<testsuite name="org.mockito.release.comparison.ZipCompareTest" tests="2" skipped="0" failures="0" errors="0" timestamp="2018-12-05T15:37:25" hostname="ubuntu-QOSMIO-X70-B" time="0.06">
  <properties/>
  <testcase name="compares zips" classname="org.mockito.release.comparison.ZipCompareTest" time="0.056"/>
  <testcase name="fails early when any of the zips cannot be opened" classname="org.mockito.release.comparison.ZipCompareTest" time="0.004"/>
  <system-out><![CDATA[07:37:25.934 [Test worker] INFO  o.m.release.comparison.ZipCompare - Comparing /tmp/junit144702812928116502/junit6419105133508521886/zip-1.zip with /tmp/junit144702812928116502/junit6419105133508521886/zip-2.zip
07:37:25.935 [Test worker] INFO  o.m.release.comparison.ZipCompare - 4 entries matched
07:37:25.935 [Test worker] INFO  o.m.release.comparison.ZipCompare - Comparing /tmp/junit144702812928116502/junit6419105133508521886/zip-2.zip with /tmp/junit144702812928116502/junit6419105133508521886/zip-1.zip
07:37:25.935 [Test worker] INFO  o.m.release.comparison.ZipCompare - 4 entries matched
07:37:25.936 [Test worker] INFO  o.m.release.comparison.ZipCompare - Comparing /tmp/junit144702812928116502/junit6419105133508521886/zip-6.zip with /tmp/junit144702812928116502/junit6419105133508521886/zip-7.zip
07:37:25.936 [Test worker] INFO  o.m.release.comparison.ZipCompare - 0 entries matched
07:37:25.936 [Test worker] INFO  o.m.release.comparison.ZipCompare - Comparing /tmp/junit144702812928116502/junit6419105133508521886/zip-7.zip with /tmp/junit144702812928116502/junit6419105133508521886/zip-6.zip
07:37:25.936 [Test worker] INFO  o.m.release.comparison.ZipCompare - 0 entries matched
07:37:25.937 [Test worker] INFO  o.m.release.comparison.ZipCompare - Comparing /tmp/junit144702812928116502/junit6419105133508521886/zip-1.zip with /tmp/junit144702812928116502/junit6419105133508521886/zip-3.zip
07:37:25.937 [Test worker] INFO  o.m.release.comparison.ZipCompare - x/y/4.txt does not match
07:37:25.937 [Test worker] INFO  o.m.release.comparison.ZipCompare - 3 entries matched
07:37:25.937 [Test worker] INFO  o.m.release.comparison.ZipCompare - 1 entries did not match
07:37:25.937 [Test worker] INFO  o.m.release.comparison.ZipCompare - Comparing /tmp/junit144702812928116502/junit6419105133508521886/zip-1.zip with /tmp/junit144702812928116502/junit6419105133508521886/zip-4.zip
07:37:25.938 [Test worker] INFO  o.m.release.comparison.ZipCompare - x/y/4.txt not found in /tmp/junit144702812928116502/junit6419105133508521886/zip-4.zip
07:37:25.938 [Test worker] INFO  o.m.release.comparison.ZipCompare - 3 entries matched
07:37:25.938 [Test worker] INFO  o.m.release.comparison.ZipCompare - 1 entries did not match
07:37:25.939 [Test worker] INFO  o.m.release.comparison.ZipCompare - Comparing /tmp/junit144702812928116502/junit6419105133508521886/zip-1.zip with /tmp/junit144702812928116502/junit6419105133508521886/zip-5.zip
07:37:25.939 [Test worker] INFO  o.m.release.comparison.ZipCompare - x.txt not found in /tmp/junit144702812928116502/junit6419105133508521886/zip-1.zip
07:37:25.939 [Test worker] INFO  o.m.release.comparison.ZipCompare - 4 entries matched
07:37:25.939 [Test worker] INFO  o.m.release.comparison.ZipCompare - 1 entries did not match
07:37:25.940 [Test worker] INFO  o.m.release.comparison.ZipCompare - Comparing /tmp/junit144702812928116502/junit6419105133508521886/zip-1.zip with /tmp/junit144702812928116502/junit6419105133508521886/zip-6.zip
07:37:25.940 [Test worker] INFO  o.m.release.comparison.ZipCompare - 1.txt not found in /tmp/junit144702812928116502/junit6419105133508521886/zip-6.zip
07:37:25.940 [Test worker] INFO  o.m.release.comparison.ZipCompare - x/2.txt not found in /tmp/junit144702812928116502/junit6419105133508521886/zip-6.zip
07:37:25.940 [Test worker] INFO  o.m.release.comparison.ZipCompare - x/y/3.txt not found in /tmp/junit144702812928116502/junit6419105133508521886/zip-6.zip
07:37:25.940 [Test worker] INFO  o.m.release.comparison.ZipCompare - x/y/4.txt not found in /tmp/junit144702812928116502/junit6419105133508521886/zip-6.zip
07:37:25.940 [Test worker] INFO  o.m.release.comparison.ZipCompare - 0 entries matched
07:37:25.940 [Test worker] INFO  o.m.release.comparison.ZipCompare - 4 entries did not match
]]></system-out>
  <system-err><![CDATA[]]></system-err>
</testsuite>
