<?xml version="1.0" encoding="UTF-8"?>
<testsuite name="org.mockito.release.comparison.ZipCompareTest" tests="2" skipped="0" failures="0" errors="0" timestamp="2018-12-05T15:45:24" hostname="ubuntu-QOSMIO-X70-B" time="0.043">
  <properties/>
  <testcase name="compares zips" classname="org.mockito.release.comparison.ZipCompareTest" time="0.04"/>
  <testcase name="fails early when any of the zips cannot be opened" classname="org.mockito.release.comparison.ZipCompareTest" time="0.003"/>
  <system-out><![CDATA[07:45:24.145 [Test worker] INFO  o.m.release.comparison.ZipCompare - Comparing /tmp/junit4571172592203551399/junit3700058037223843712/zip-1.zip with /tmp/junit4571172592203551399/junit3700058037223843712/zip-2.zip
07:45:24.146 [Test worker] INFO  o.m.release.comparison.ZipCompare - 4 entries matched
07:45:24.147 [Test worker] INFO  o.m.release.comparison.ZipCompare - Comparing /tmp/junit4571172592203551399/junit3700058037223843712/zip-2.zip with /tmp/junit4571172592203551399/junit3700058037223843712/zip-1.zip
07:45:24.147 [Test worker] INFO  o.m.release.comparison.ZipCompare - 4 entries matched
07:45:24.147 [Test worker] INFO  o.m.release.comparison.ZipCompare - Comparing /tmp/junit4571172592203551399/junit3700058037223843712/zip-1.zip with /tmp/junit4571172592203551399/junit3700058037223843712/zip-3.zip
07:45:24.148 [Test worker] INFO  o.m.release.comparison.ZipCompare - x/y/4.txt does not match
07:45:24.148 [Test worker] INFO  o.m.release.comparison.ZipCompare - 3 entries matched
07:45:24.148 [Test worker] INFO  o.m.release.comparison.ZipCompare - 1 entries did not match
07:45:24.149 [Test worker] INFO  o.m.release.comparison.ZipCompare - Comparing /tmp/junit4571172592203551399/junit3700058037223843712/zip-1.zip with /tmp/junit4571172592203551399/junit3700058037223843712/zip-4.zip
07:45:24.149 [Test worker] INFO  o.m.release.comparison.ZipCompare - x/y/4.txt not found in /tmp/junit4571172592203551399/junit3700058037223843712/zip-4.zip
07:45:24.149 [Test worker] INFO  o.m.release.comparison.ZipCompare - 3 entries matched
07:45:24.149 [Test worker] INFO  o.m.release.comparison.ZipCompare - 1 entries did not match
07:45:24.150 [Test worker] INFO  o.m.release.comparison.ZipCompare - Comparing /tmp/junit4571172592203551399/junit3700058037223843712/zip-1.zip with /tmp/junit4571172592203551399/junit3700058037223843712/zip-5.zip
07:45:24.150 [Test worker] INFO  o.m.release.comparison.ZipCompare - x.txt not found in /tmp/junit4571172592203551399/junit3700058037223843712/zip-1.zip
07:45:24.150 [Test worker] INFO  o.m.release.comparison.ZipCompare - 4 entries matched
07:45:24.150 [Test worker] INFO  o.m.release.comparison.ZipCompare - 1 entries did not match
]]></system-out>
  <system-err><![CDATA[]]></system-err>
</testsuite>
