<?xml version="1.0" encoding="UTF-8"?>
<testsuite name="org.mockito.release.notes.versions.FromNotesContentTest" tests="2" skipped="0" failures="0" errors="0" timestamp="2019-01-24T15:33:02" hostname="ubuntu-QOSMIO-X70-B" time="0.084">
  <properties/>
  <testcase name="gets previous version from notes content" classname="org.mockito.release.notes.versions.FromNotesContentTest" time="0.074"/>
  <testcase name="throws reasonable exception if version cannot be parsed" classname="org.mockito.release.notes.versions.FromNotesContentTest" time="0.003"/>
  <system-out><![CDATA[]]></system-out>
  <system-err><![CDATA[]]></system-err>
</testsuite>
